0 info it worked if it ends with ok
1 verbose cli [ 'node', '/usr/local/bin/npm', 'publish' ]
2 info using npm@1.4.23
3 info using node@v0.10.31
4 verbose publish [ '.' ]
5 verbose cache add [ '.', null ]
6 verbose cache add name=undefined spec="." args=[".",null]
7 verbose parsed url { protocol: null,
7 verbose parsed url   slashes: null,
7 verbose parsed url   auth: null,
7 verbose parsed url   host: null,
7 verbose parsed url   port: null,
7 verbose parsed url   hostname: null,
7 verbose parsed url   hash: null,
7 verbose parsed url   search: null,
7 verbose parsed url   query: null,
7 verbose parsed url   pathname: '.',
7 verbose parsed url   path: '.',
7 verbose parsed url   href: '.' }
8 silly lockFile 3a52ce78- .
9 verbose lock . /Users/scott/.npm/3a52ce78-.lock
10 verbose tar pack [ '/Users/scott/.npm/fireadmin/0.0.1/package.tgz', '.' ]
11 verbose tarball /Users/scott/.npm/fireadmin/0.0.1/package.tgz
12 verbose folder .
13 info prepublish fireadmin@0.0.1
14 silly lockFile 1f1177db-tar tar://.
15 verbose lock tar://. /Users/scott/.npm/1f1177db-tar.lock
16 silly lockFile 704899c2--npm-fireadmin-0-0-1-package-tgz tar:///Users/scott/.npm/fireadmin/0.0.1/package.tgz
17 verbose lock tar:///Users/scott/.npm/fireadmin/0.0.1/package.tgz /Users/scott/.npm/704899c2--npm-fireadmin-0-0-1-package-tgz.lock
18 silly lockFile 1f1177db-tar tar://.
19 silly lockFile 1f1177db-tar tar://.
20 silly lockFile 704899c2--npm-fireadmin-0-0-1-package-tgz tar:///Users/scott/.npm/fireadmin/0.0.1/package.tgz
21 silly lockFile 704899c2--npm-fireadmin-0-0-1-package-tgz tar:///Users/scott/.npm/fireadmin/0.0.1/package.tgz
22 silly lockFile 6dad0235-cott-npm-fireadmin-0-0-1-package /Users/scott/.npm/fireadmin/0.0.1/package
23 verbose lock /Users/scott/.npm/fireadmin/0.0.1/package /Users/scott/.npm/6dad0235-cott-npm-fireadmin-0-0-1-package.lock
24 silly lockFile 6dad0235-cott-npm-fireadmin-0-0-1-package /Users/scott/.npm/fireadmin/0.0.1/package
25 silly lockFile 6dad0235-cott-npm-fireadmin-0-0-1-package /Users/scott/.npm/fireadmin/0.0.1/package
26 silly lockFile 3a52ce78- .
27 silly lockFile 3a52ce78- .
28 silly publish { name: 'fireadmin',
28 silly publish   version: '0.0.1',
28 silly publish   description: 'Library to simplify implementing standard app functionality when using Firebase (User/Presence Management, Object CRUD and Listing)',
28 silly publish   author: { name: 'Prescott Prue', url: 'prescottprue' },
28 silly publish   repository:
28 silly publish    { type: 'git',
28 silly publish      url: 'https://github.com/prescottprue/FireAdmin' },
28 silly publish   license: 'ISC',
28 silly publish   devDependencies:
28 silly publish    { grunt: '^0.4.5',
28 silly publish      'grunt-aws-s3': '^0.11.0',
28 silly publish      'grunt-bump': '^0.1.0',
28 silly publish      'grunt-contrib-connect': '^0.9.0',
28 silly publish      'grunt-contrib-concat': '^0.5.1',
28 silly publish      'grunt-contrib-watch': '^0.6.1',
28 silly publish      'grunt-jsdoc': '^0.5.7',
28 silly publish      'grunt-shell': '^1.1.2',
28 silly publish      'load-grunt-tasks': '^3.1.0' },
28 silly publish   readme: '# FireAdmin\n\n[![GitHub version](https://badge.fury.io/gh/prescottprue%2Ffireadmin.svg)](http://badge.fury.io/gh/prescottprue%2Ffireadmin)\n\nFireAdmin is a all Javascript Library built to simplify implementing standard app functionality when using Firebase (User/Presence Management, Object CRUD/ Listing/Counting).\n\nFireAdmin is especially useful when you are trying to administer a Firebase data set (hence the name). Administration dashboards are a breeze thanks to functions like `getOnlineUserCount()` that provide analytics data in simple and easy to understand calls.\n\n### [API Documentation](https://s3.amazonaws.com/prescottprue/Fireadmin/current/docs/Fireadmin.html)\n\n### [Angular Integration](https://github.com/prescottprue/AngularFireadmin)\n\n## Getting Started\n\n1. Include script reference to fireadmin in your `index.html` :\n\n  ```html\n  <script src="https://s3.amazonaws.com/prescottprue/fireadmin/current/fireadmin-bundle.js"></script>\n\n  ```\n\n\n  **or** \n\n  Include both the Firebase library (`firebase.js`) and Fireadmin (`fireadmin.js` or `fireadmin.min.js` if you prefer the minified version).\n\n  ```html\n  <script src="https://cdn.firebase.com/js/client/2.2.2/firebase.js"></script>\n  <script src="https://s3.amazonaws.com/prescottprue/fireadmin/current/fireadmin.min.js"></script>\n\n  ```\n\n  **or**\n  \n  If you are using [bower](bower.io) to manage your dependencies run:\n\n   `bower install --save fireadmin`\n\n2. Create a new FireAdmin Object:\n\n  ```javascript\nvar fa = new Fireadmin("https://<your-app>.firebaseio.com");\n  ```\n\n3. Start using Fireadmin!\n    ```javascript\n    //Get count of users\n    fa.getUserCount(function(count){\n        console.log(\'Your app currently has \' + count + \' users.\');\n    });\n    ```\n\n## Documentation\n\n#### [Docs Page](https://s3.amazonaws.com/prescottprue/Fireadmin/current/docs/Fireadmin.html)\n\nAPI Documentation is automatically generated with JSDoc and is included in this repo under `dist/docs` if you would like to view a local version.\n\n## Using With Angular\nUsage of [AngularJS](http://angularjs.org) with FireAdmin is *strongly suggested* and is included just as easily as including the standard version of FireAdmin :\n\n```html\n  <!-- Add AngularJS, Firebase, AngularFire, FireAdmin, and AngularFireAdmin -->\n  <script src="https://s3.amazonaws.com/prescottprue/angularfireadmin/current/angularfireadmin-bundle.js"></script>\n```\n\nThis script tag is the bundle file from the AngularJS integration for FireAdmin which is named [**AngularFireAdmin**](https://github.com/prescottprue/AngularFireAdmin).\n\n## Planning\n* Complete Angular Integration\n* Role Management\n* Automatic Rules Setup\n* Admin Parameter\n* Unit Tests\n\n## Contributing\n\n1. Fork repository\n2. Run `npm install` to install dev dependencies.\n3. Run `grunt` to Serve and Open the dev environment.\n\n### Config\n\n`config.json` contains the configuration settings for Grunt. These settings include the name of the development/distribution folders and the Port on which to run the development web server.\n\n### Environment\n\n`env.json` contains environment configuration and is therefore not included in the commit history. **THIS IS TO KEEP YOUR KEYS SAFE!**. S3 keys/bucket, and closure path are included in this file.\n',
28 silly publish   readmeFilename: 'README.md',
28 silly publish   gitHead: '6a885e35f306aeeed712d555e711575972c086fa',
28 silly publish   bugs: { url: 'https://github.com/prescottprue/FireAdmin/issues' },
28 silly publish   homepage: 'https://github.com/prescottprue/FireAdmin',
28 silly publish   _id: 'fireadmin@0.0.1',
28 silly publish   scripts: {},
28 silly publish   _shasum: '760938762ed4334122a188fd48a1654333355f70',
28 silly publish   _from: '.' }
29 verbose request where is /fireadmin
30 verbose request registry https://registry.npmjs.org/
31 verbose request id dd164601f5c2be3b
32 verbose url raw /fireadmin
33 verbose url resolving [ 'https://registry.npmjs.org/', './fireadmin' ]
34 verbose url resolved https://registry.npmjs.org/fireadmin
35 verbose request where is https://registry.npmjs.org/fireadmin
36 info trying registry request attempt 1 at 02:08:17
37 http PUT https://registry.npmjs.org/fireadmin
38 http 403 https://registry.npmjs.org/fireadmin
39 verbose headers { date: 'Mon, 16 Mar 2015 06:08:22 GMT',
39 verbose headers   server: 'CouchDB/1.5.0 (Erlang OTP/R16B03)',
39 verbose headers   'content-type': 'application/json',
39 verbose headers   'cache-control': 'max-age=60',
39 verbose headers   'content-length': '6426',
39 verbose headers   'accept-ranges': 'bytes',
39 verbose headers   via: '1.1 varnish',
39 verbose headers   'x-served-by': 'cache-iad2134-IAD',
39 verbose headers   'x-cache': 'MISS',
39 verbose headers   'x-cache-hits': '0',
39 verbose headers   'x-timer': 'S1426486097.645188,VS0,VE4383',
39 verbose headers   'keep-alive': 'timeout=10, max=50',
39 verbose headers   connection: 'Keep-Alive' }
40 error publish Failed PUT 403
41 error Error: forbidden cannot modify pre-existing version: 0.0.1
41 error old={"name":"fireadmin","version":"0.0.1","description":"Library to simplify implementing standard app functionality when using Firebase (User/Presence Management, Object CRUD and Listing)","author":{"name":"Prescott Prue","url":"sprue.dev@gmail.com"},"repo":"https://github.com/prescottprue/FireAdmin","license":"ISC","devDependencies":{"grunt":"^0.4.5","grunt-aws-s3":"^0.11.0","grunt-bump":"^0.1.0","grunt-closure-compiler":"0.0.21","grunt-contrib-connect":"^0.9.0","grunt-contrib-copy":"^0.7.0","grunt-contrib-uglify":"^0.7.0","grunt-contrib-watch":"^0.6.1","grunt-jsdoc":"^0.5.7","grunt-shell":"^1.1.2","load-grunt-tasks":"^3.1.0"},"gitHead":"bdad757ee62da71ef93cd6793c67dfb87b1df131","_id":"fireadmin@0.0.1","scripts":{},"_shasum":"e4eb4b9981c2a0c7dfb932c626303c66e8665325","_from":".","_npmVersion":"1.4.23","_npmUser":{"name":"prescottprue","email":"sprue.dev@gmail.com"},"maintainers":[{"name":"prescottprue","email":"sprue.dev@gmail.com"}],"dist":{"shasum":"e4eb4b9981c2a0c7dfb932c626303c66e8665325","tarball":"http://registry.npmjs.org/fireadmin/-/fireadmin-0.0.1.tgz"}}
41 error new={"name":"fireadmin","version":"0.0.1","description":"Library to simplify implementing standard app functionality when using Firebase (User/Presence Management, Object CRUD and Listing)","author":{"name":"Prescott Prue","url":"prescottprue"},"repository":{"type":"git","url":"https://github.com/prescottprue/FireAdmin"},"license":"ISC","devDependencies":{"grunt":"^0.4.5","grunt-aws-s3":"^0.11.0","grunt-bump":"^0.1.0","grunt-contrib-connect":"^0.9.0","grunt-contrib-concat":"^0.5.1","grunt-contrib-watch":"^0.6.1","grunt-jsdoc":"^0.5.7","grunt-shell":"^1.1.2","load-grunt-tasks":"^3.1.0"},"readme":"# FireAdmin\u000a\u000a[![GitHub version](https://badge.fury.io/gh/prescottprue%2Ffireadmin.svg)](http://badge.fury.io/gh/prescottprue%2Ffireadmin)\u000a\u000aFireAdmin is a all Javascript Library built to simplify implementing standard app functionality when using Firebase (User/Presence Management, Object CRUD/ Listing/Counting).\u000a\u000aFireAdmin is especially useful when you are trying to administer a Firebase data set (hence the name). Administration dashboards are a breeze thanks to functions like `getOnlineUserCount()` that provide analytics data in simple and easy to understand calls.\u000a\u000a### [API Documentation](https://s3.amazonaws.com/prescottprue/Fireadmin/current/docs/Fireadmin.html)\u000a\u000a### [Angular Integration](https://github.com/prescottprue/AngularFireadmin)\u000a\u000a## Getting Started\u000a\u000a1. Include script reference to fireadmin in your `index.html` :\u000a\u000a  ```html\u000a  <script src=\"https://s3.amazonaws.com/prescottprue/fireadmin/current/fireadmin-bundle.js\"></script>\u000a\u000a  ```\u000a\u000a\u000a  **or** \u000a\u000a  Include both the Firebase library (`firebase.js`) and Fireadmin (`fireadmin.js` or `fireadmin.min.js` if you prefer the minified version).\u000a\u000a  ```html\u000a  <script src=\"https://cdn.firebase.com/js/client/2.2.2/firebase.js\"></script>\u000a  <script src=\"https://s3.amazonaws.com/prescottprue/fireadmin/current/fireadmin.min.js\"></script>\u000a\u000a  ```\u000a\u000a  **or**\u000a  \u000a  If you are using [bower](bower.io) to manage your dependencies run:\u000a\u000a   `bower install --save fireadmin`\u000a\u000a2. Create a new FireAdmin Object:\u000a\u000a  ```javascript\u000avar fa = new Fireadmin(\"https://<your-app>.firebaseio.com\");\u000a  ```\u000a\u000a3. Start using Fireadmin!\u000a    ```javascript\u000a    //Get count of users\u000a    fa.getUserCount(function(count){\u000a        console.log('Your app currently has ' + count + ' users.');\u000a    });\u000a    ```\u000a\u000a## Documentation\u000a\u000a#### [Docs Page](https://s3.amazonaws.com/prescottprue/Fireadmin/current/docs/Fireadmin.html)\u000a\u000aAPI Documentation is automatically generated with JSDoc and is included in this repo under `dist/docs` if you would like to view a local version.\u000a\u000a## Using With Angular\u000aUsage of [AngularJS](http://angularjs.org) with FireAdmin is *strongly suggested* and is included just as easily as including the standard version of FireAdmin :\u000a\u000a```html\u000a  <!-- Add AngularJS, Firebase, AngularFire, FireAdmin, and AngularFireAdmin -->\u000a  <script src=\"https://s3.amazonaws.com/prescottprue/angularfireadmin/current/angularfireadmin-bundle.js\"></script>\u000a```\u000a\u000aThis script tag is the bundle file from the AngularJS integration for FireAdmin which is named [**AngularFireAdmin**](https://github.com/prescottprue/AngularFireAdmin).\u000a\u000a## Planning\u000a* Complete Angular Integration\u000a* Role Management\u000a* Automatic Rules Setup\u000a* Admin Parameter\u000a* Unit Tests\u000a\u000a## Contributing\u000a\u000a1. Fork repository\u000a2. Run `npm install` to install dev dependencies.\u000a3. Run `grunt` to Serve and Open the dev environment.\u000a\u000a### Config\u000a\u000a`config.json` contains the configuration settings for Grunt. These settings include the name of the development/distribution folders and the Port on which to run the development web server.\u000a\u000a### Environment\u000a\u000a`env.json` contains environment configuration and is therefore not included in the commit history. **THIS IS TO KEEP YOUR KEYS SAFE!**. S3 keys/bucket, and closure path are included in this file.\u000a","readmeFilename":"README.md","gitHead":"6a885e35f306aeeed712d555e711575972c086fa","bugs":{"url":"https://github.com/prescottprue/FireAdmin/issues"},"homepage":"https://github.com/prescottprue/FireAdmin","_id":"fireadmin@0.0.1","scripts":{},"_shasum":"760938762ed4334122a188fd48a1654333355f70","_from":".","_npmVersion":"1.4.23","_npmUser":{"name":"prescottprue","email":"sprue.dev@gmail.com"},"maintainers":[{"name":"prescottprue","email":"sprue.dev@gmail.com"}],"dist":{"shasum":"760938762ed4334122a188fd48a1654333355f70","tarball":"http://registry.npmjs.org/fireadmin/-/fireadmin-0.0.1.tgz"}}: fireadmin
41 error     at RegClient.<anonymous> (/usr/local/lib/node_modules/npm/node_modules/npm-registry-client/lib/request.js:300:14)
41 error     at Request._callback (/usr/local/lib/node_modules/npm/node_modules/npm-registry-client/lib/request.js:238:65)
41 error     at Request.self.callback (/usr/local/lib/node_modules/npm/node_modules/request/request.js:123:22)
41 error     at Request.emit (events.js:98:17)
41 error     at Request.<anonymous> (/usr/local/lib/node_modules/npm/node_modules/request/request.js:893:14)
41 error     at Request.emit (events.js:117:20)
41 error     at IncomingMessage.<anonymous> (/usr/local/lib/node_modules/npm/node_modules/request/request.js:844:12)
41 error     at IncomingMessage.emit (events.js:117:20)
41 error     at _stream_readable.js:943:16
41 error     at process._tickCallback (node.js:419:13)
42 error If you need help, you may report this *entire* log,
42 error including the npm and node versions, at:
42 error     <http://github.com/npm/npm/issues>
43 error System Darwin 14.3.0
44 error command "node" "/usr/local/bin/npm" "publish"
45 error cwd /Users/scott/Dev/Code/FireAdmin
46 error node -v v0.10.31
47 error npm -v 1.4.23
48 verbose exit [ 1, true ]
